<?xml version="1.0" encoding="UTF-8"?>
<testsuite name="com.example.myGram.MyGramApplicationTests" tests="1" skipped="0" failures="0" errors="0" timestamp="2024-05-04T16:06:18" hostname="DESKTOP-D4TC960" time="0.319">
  <properties/>
  <testcase name="contextLoads()" classname="com.example.myGram.MyGramApplicationTests" time="0.319"/>
  <system-out><![CDATA[22:06:14.746 [Test worker] INFO org.springframework.test.context.support.AnnotationConfigContextLoaderUtils -- Could not detect default configuration classes for test class [com.example.myGram.MyGramApplicationTests]: MyGramApplicationTests does not declare any static, non-private, non-final, nested classes annotated with @Configuration.
22:06:14.809 [Test worker] INFO org.springframework.boot.test.context.SpringBootTestContextBootstrapper -- Found @SpringBootConfiguration com.example.myGram.MyGramApplication for test class com.example.myGram.MyGramApplicationTests

  .   ____          _            __ _ _
 /\\ / ___'_ __ _ _(_)_ __  __ _ \ \ \ \
( ( )\___ | '_ | '_| | '_ \/ _` | \ \ \ \
 \\/  ___)| |_)| | | | | || (_| |  ) ) ) )
  '  |____| .__|_| |_|_| |_\__, | / / / /
 =========|_|==============|___/=/_/_/_/
 :: Spring Boot ::                (v3.2.5)

2024-05-04T22:06:15.082+06:00  WARN 4448 --- [    Test worker] ory$DuplicateJsonObjectContextCustomizer : 

Found multiple occurrences of org.json.JSONObject on the class path:

	jar:file:/C:/Users/placeofr4ge/.gradle/caches/modules-2/files-2.1/org.json/json/20231013/e22e0c040fe16f04ffdb85d851d77b07fc05ea52/json-20231013.jar!/org/json/JSONObject.class
	jar:file:/C:/Users/placeofr4ge/.gradle/caches/modules-2/files-2.1/com.vaadin.external.google/android-json/0.0.20131108.vaadin1/fa26d351fe62a6a17f5cda1287c1c6110dec413f/android-json-0.0.20131108.vaadin1.jar!/org/json/JSONObject.class

You may wish to exclude one of them to ensure predictable runtime behavior

2024-05-04T22:06:15.091+06:00  INFO 4448 --- [    Test worker] c.example.myGram.MyGramApplicationTests  : Starting MyGramApplicationTests using Java 17.0.10 with PID 4448 (started by placeofr4ge in E:\myProject\my\myGram)
2024-05-04T22:06:15.091+06:00  INFO 4448 --- [    Test worker] c.example.myGram.MyGramApplicationTests  : No active profile set, falling back to 1 default profile: "default"
2024-05-04T22:06:15.424+06:00  INFO 4448 --- [    Test worker] .s.d.r.c.RepositoryConfigurationDelegate : Multiple Spring Data modules found, entering strict repository configuration mode
2024-05-04T22:06:15.425+06:00  INFO 4448 --- [    Test worker] .s.d.r.c.RepositoryConfigurationDelegate : Bootstrapping Spring Data Redis repositories in DEFAULT mode.
2024-05-04T22:06:15.439+06:00  INFO 4448 --- [    Test worker] .s.d.r.c.RepositoryConfigurationDelegate : Finished Spring Data repository scanning in 5 ms. Found 0 Redis repository interfaces.
2024-05-04T22:06:15.560+06:00  INFO 4448 --- [    Test worker] .s.d.r.c.RepositoryConfigurationDelegate : Multiple Spring Data modules found, entering strict repository configuration mode
2024-05-04T22:06:15.561+06:00  INFO 4448 --- [    Test worker] .s.d.r.c.RepositoryConfigurationDelegate : Bootstrapping Spring Data JPA repositories in DEFAULT mode.
2024-05-04T22:06:15.580+06:00  INFO 4448 --- [    Test worker] .RepositoryConfigurationExtensionSupport : Spring Data JPA - Could not safely identify store assignment for repository candidate interface com.example.myGram.repository.RefreshTokenRepository; If you want this repository to be a JPA repository, consider annotating your entities with one of these annotations: jakarta.persistence.Entity, jakarta.persistence.MappedSuperclass (preferred), or consider extending one of the following types with your repository: org.springframework.data.jpa.repository.JpaRepository
2024-05-04T22:06:15.654+06:00  INFO 4448 --- [    Test worker] .s.d.r.c.RepositoryConfigurationDelegate : Finished Spring Data repository scanning in 90 ms. Found 1 JPA repository interface.
2024-05-04T22:06:15.661+06:00  INFO 4448 --- [    Test worker] .s.d.r.c.RepositoryConfigurationDelegate : Multiple Spring Data modules found, entering strict repository configuration mode
2024-05-04T22:06:15.661+06:00  INFO 4448 --- [    Test worker] .s.d.r.c.RepositoryConfigurationDelegate : Bootstrapping Spring Data Redis repositories in DEFAULT mode.
2024-05-04T22:06:15.665+06:00  INFO 4448 --- [    Test worker] .RepositoryConfigurationExtensionSupport : Spring Data Redis - Could not safely identify store assignment for repository candidate interface com.example.myGram.repository.UserRepository; If you want this repository to be a Redis repository, consider annotating your entities with one of these annotations: org.springframework.data.redis.core.RedisHash (preferred), or consider extending one of the following types with your repository: org.springframework.data.keyvalue.repository.KeyValueRepository
2024-05-04T22:06:15.668+06:00  INFO 4448 --- [    Test worker] .s.d.r.c.RepositoryConfigurationDelegate : Finished Spring Data repository scanning in 7 ms. Found 1 Redis repository interface.
2024-05-04T22:06:15.989+06:00  INFO 4448 --- [    Test worker] com.zaxxer.hikari.HikariDataSource       : HikariPool-1 - Starting...
2024-05-04T22:06:16.101+06:00  INFO 4448 --- [    Test worker] com.zaxxer.hikari.pool.HikariPool        : HikariPool-1 - Added connection org.postgresql.jdbc.PgConnection@2fee69a1
2024-05-04T22:06:16.102+06:00  INFO 4448 --- [    Test worker] com.zaxxer.hikari.HikariDataSource       : HikariPool-1 - Start completed.
2024-05-04T22:06:16.130+06:00  INFO 4448 --- [    Test worker] o.hibernate.jpa.internal.util.LogHelper  : HHH000204: Processing PersistenceUnitInfo [name: default]
2024-05-04T22:06:16.168+06:00  INFO 4448 --- [    Test worker] org.hibernate.Version                    : HHH000412: Hibernate ORM core version 6.4.4.Final
2024-05-04T22:06:16.190+06:00  INFO 4448 --- [    Test worker] o.h.c.internal.RegionFactoryInitiator    : HHH000026: Second-level cache disabled
2024-05-04T22:06:16.354+06:00  INFO 4448 --- [    Test worker] o.s.o.j.p.SpringPersistenceUnitInfo      : No LoadTimeWeaver setup: ignoring JPA class transformer
2024-05-04T22:06:16.974+06:00  INFO 4448 --- [    Test worker] o.h.e.t.j.p.i.JtaPlatformInitiator       : HHH000489: No JTA platform available (set 'hibernate.transaction.jta.platform' to enable JTA platform integration)
2024-05-04T22:06:17.018+06:00  INFO 4448 --- [    Test worker] j.LocalContainerEntityManagerFactoryBean : Initialized JPA EntityManagerFactory for persistence unit 'default'
2024-05-04T22:06:17.443+06:00  WARN 4448 --- [    Test worker] JpaBaseConfiguration$JpaWebConfiguration : spring.jpa.open-in-view is enabled by default. Therefore, database queries may be performed during view rendering. Explicitly configure spring.jpa.open-in-view to disable this warning
2024-05-04T22:06:17.644+06:00  INFO 4448 --- [    Test worker] o.s.s.web.DefaultSecurityFilterChain     : Will secure any request with [org.springframework.security.web.session.DisableEncodeUrlFilter@2b14628b, org.springframework.security.web.context.request.async.WebAsyncManagerIntegrationFilter@64657b13, org.springframework.security.web.context.SecurityContextHolderFilter@6178ac9d, org.springframework.security.web.header.HeaderWriterFilter@4922dc84, org.springframework.web.filter.CorsFilter@686ee555, org.springframework.security.web.authentication.logout.LogoutFilter@4ad04b05, com.example.myGram.security.jwt.JwtTokenFilter@8b71052, org.springframework.security.web.authentication.www.BasicAuthenticationFilter@828e2d8, org.springframework.security.web.savedrequest.RequestCacheAwareFilter@4177d427, org.springframework.security.web.servletapi.SecurityContextHolderAwareRequestFilter@b89cbf9, org.springframework.security.web.authentication.AnonymousAuthenticationFilter@4fc00158, org.springframework.security.web.session.SessionManagementFilter@54464330, org.springframework.security.web.access.ExceptionTranslationFilter@282c0891, org.springframework.security.web.access.intercept.AuthorizationFilter@17fbbf0a]
2024-05-04T22:06:18.114+06:00  INFO 4448 --- [    Test worker] c.example.myGram.MyGramApplicationTests  : Started MyGramApplicationTests in 3.209 seconds (process running for 3.916)
]]></system-out>
  <system-err><![CDATA[]]></system-err>
</testsuite>
